2023-09-26 08:00:01 - INFO - login_request(18jhcudj, user123, password123) received.
2023-09-26 08:00:01 - INFO - data_request(1a2b3c4d, user_id: 1234, data_type: profile) received.
2023-09-26 08:00:01 - INFO - get_balance(5e6f7g8h, user_id: 1234) received.
2023-09-26 08:00:01 - INFO - get_accounts(1a2b3c4d, user_id: 1234, data_type: profile) received.
2023-09-26 08:00:01 - INFO - get_balance(5e6f7g8h, user_id: 1234) received.

2023-09-26 08:01:04 - INFO - data_request(1a2b3c4d, user_id: 1234, data_type: profile) received.
2023-09-26 08:01:04 - INFO - get_accounts(1a2b3c4d, user_id: 1234, data_type: profile) received.
2023-09-26 08:01:04 - INFO - get_balance(5e6f7g8h, user_id: 1234) received.
2023-09-26 08:01:04 - INFO - transaction_request(5e6f7g8h, user_id: 5678, amount: $100) received.
2023-09-26 08:01:04 - INFO - login_request(18jhcudj, user123, password123) received.
2023-09-26 08:01:04 - INFO - data_request(1a2b3c4d, user_id: 1234, data_type: profile) received.
2023-09-26 08:01:04 - INFO - get_balance(5e6f7g8h, user_id: 5678, amount: $100) received.
2023-09-26 08:01:04 - INFO - login_request(18jhcudj, user123, password123) received.
2023-09-26 08:01:04 - INFO - get_accounts(1a2b3c4d, user_id: 1234, data_type: profile) received.
2023-09-26 08:01:04 - INFO - data_request(1a2b3c4d, user_id: 1234, data_type: profile) received.


2023-09-26 08:02:30 - INFO - data_request(1a2b3c4d, user_id: 1234, data_type: profile) received.
2023-09-26 08:02:30 - INFO - get_accounts(1a2b3c4d, user_id: 1234, data_type: profile) received.
2023-09-26 08:02:30 - INFO - transaction_request(5e6f7g8h, user_id: 5678, amount: $100) received.
2023-09-26 08:02:30 - INFO - get_credits(1a2b3c4d, user_id: 1234, data_type: profile) received.
2023-09-26 08:02:30 - INFO - login_request(18jhcudj, user123, password123) received.
2023-09-26 08:02:30 - INFO - data_request(1a2b3c4d, user_id: 1234, data_type: profile) received.
2023-09-26 08:02:30 - INFO - login_request(18jhcudj, user123, password123) received.
2023-09-26 08:02:30 - INFO - get_accounts(1a2b3c4d, user_id: 1234, data_type: profile) received.
2023-09-26 08:02:30 - INFO - transaction_request(5e6f7g8h, user_id: 5678, amount: $100) received.
2023-09-26 08:02:30 - INFO - data_request(1a2b3c4d, user_id: 1234, data_type: profile) received.

2023-09-26 08:03:25 - INFO - login_request(18jhcudj, user123, password123) received.
2023-09-26 08:03:25 - INFO - transaction_request(5e6f7g8h, user_id: 5678, amount: $100) received.
2023-09-26 08:03:25 - INFO - data_request(1a2b3c4d, user_id: 1234, data_type: profile) received.
2023-09-26 08:03:25 - INFO - get_balance(5e6f7g8h, user_id: 1234) received.
2023-09-26 08:03:25 - INFO - get_accounts(1a2b3c4d, user_id: 1234, data_type: profile) received.
2023-09-26 08:03:25 - INFO - get_deposits(1a2b3c4d, user_id: 1234, data_type: profile) received.
2023-09-26 08:03:25 - INFO - get_balance(5e6f7g8h, user_id: 1234) received.
2023-09-26 08:03:25 - INFO - transaction_request(5e6f7g8h, user_id: 5678, amount: $100) received.
2023-09-26 08:03:25 - INFO - login_request(18jhcudj, user123, password123) received.
2023-09-26 08:03:25 - INFO - data_request(1a2b3c4d, user_id: 1234, data_type: profile) received.
2023-09-26 08:03:25 - INFO - get_balance(5e6f7g8h, user_id: 1234) received.
2023-09-26 08:03:25 - INFO - get_accounts(1a2b3c4d, user_id: 1234, data_type: profile) received.

2023-09-26 08:04:12 - INFO - logout_request(mnopqrst, user_id: 5678) received.
2023-09-26 08:04:12 - INFO - get_accounts(1a2b3c4d, user_id: 1234, data_type: profile) received.
2023-09-26 08:04:12 - INFO - transaction_request(5e6f7g8h, user_id: 5678, amount: $100) received.
2023-09-26 08:04:12 - INFO - get_balance(5e6f7g8h, user_id: 1234) received.
2023-09-26 08:04:12 - INFO - get_balance(5e6f7g8h, user_id: 1234) received.
2023-09-26 08:04:12 - INFO - login_request(zxcvbnm, thirduser, pass789) received.
2023-09-26 08:04:12 - INFO - transaction_request(5e6f7g8h, user_id: 5678, amount: $100) received.
2023-09-26 08:04:12 - INFO - data_request(1a2b3c4d, user_id: 1234, data_type: profile) received.
2023-09-26 08:04:12 - INFO - transaction_request(5e6f7g8h, user_id: 1234, amount: 100) received.
2023-09-26 08:04:12 - INFO - get_accounts(1a2b3c4d, user_id: 1234, data_type: profile) received.
2023-09-26 08:04:12 - INFO - get_balance(5e6f7g8h, user_id: 1234) received.
2023-09-26 08:04:12 - INFO - login_request(18jhcudj, user123, password123) received.
2023-09-26 08:04:12 - INFO - data_request(1a2b3c4d, user_id: 1234, data_type: profile) received.
2023-09-26 08:04:12 - INFO - login_request(a1b2c3d4, anotheruser, secret456) received.
2023-09-26 08:04:12 - INFO - transaction_request(5e6f7g8h, user_id: 5678, amount: $100) received.
2023-09-26 08:04:12 - INFO - data_request(1a2b3c4d, user_id: 1234, data_type: profile) received.
2023-09-26 08:04:12 - INFO - get_balance(5e6f7g8h, user_id: 1234) received.
2023-09-26 08:04:12 - INFO - transaction_request(5e6f7g8h, user_id: 5678, amount: $100) received.
2023-09-26 08:04:12 - INFO - get_accounts(1a2b3c4d, user_id: 1234, data_type: profile) received.
2023-09-26 08:04:12 - INFO - login_request(zxcvbnm, thirduser, pass789) received.

2023-09-26 08:05:44 - INFO - login_request(18jhcudj, user123, password123) received.
2023-09-26 08:05:44 - INFO - get_accounts(1a2b3c4d, user_id: 1234, data_type: profile) received.
2023-09-26 08:05:44 - INFO - transaction_request(5e6f7g8h, user_id: 5678, amount: $100) received.
2023-09-26 08:05:44 - INFO - data_request(wxyz123, user_id: 5678, data_type: profile) received.
2023-09-26 08:05:44 - INFO - get_balance(5e6f7g8h, user_id: 5678, amount: $100) received.
2023-09-26 08:05:44 - INFO - login_request(18jhcudj, user123, password123) received.
2023-09-26 08:05:44 - INFO - transaction_request(5e6f7g8h, user_id: 5678, amount: $100) received.
2023-09-26 08:05:44 - INFO - data_request(1a2b3c4d, user_id: 1234, data_type: profile) received.
2023-09-26 08:05:44 - INFO - get_accounts(1a2b3c4d, user_id: 1234, data_type: profile) received.
2023-09-26 08:05:44 - INFO - get_balance(5e6f7g8h, user_id: 1234) received.
2023-09-26 08:05:44 - INFO - transaction_request(5e6f7g8h, user_id: 5678, amount: $100) received.
2023-09-26 08:05:44 - INFO - transaction_request(5e6f7g8h, user_id: 5678, amount: $100) received.
2023-09-26 08:05:44 - INFO - login_request(18jhcudj, user123, password123) received.
2023-09-26 08:05:44 - INFO - data_request(1a2b3c4d, user_id: 1234, data_type: profile) received.
2023-09-26 08:05:44 - INFO - get_balance(5e6f7g8h, user_id: 1234) received.
2023-09-26 08:05:44 - INFO - get_accounts(1a2b3c4d, user_id: 1234, data_type: profile) received.
2023-09-26 08:05:44 - INFO - transaction_request(5e6f7g8h, user_id: 5678, amount: $100) received.

2023-09-26 08:06:55 - INFO - login_request(18jhcudj, user123, password123) received.
2023-09-26 08:06:55 - INFO - data_request(1a2b3c4d, user_id: 1234, data_type: profile) received.
2023-09-26 08:06:55 - INFO - get_balance(5e6f7g8h, user_id: 1234) received.
2023-09-26 08:06:55 - INFO - transaction_request(5e6f7g8h, user_id: 5678, amount: $100) received.
2023-09-26 08:06:55 - INFO - login_request(zxcvbnm, thirduser, pass789) received.
2023-09-26 08:06:55 - INFO - get_accounts(1a2b3c4d, user_id: 1234, data_type: profile) received.
2023-09-26 08:06:55 - INFO - transaction_request(5e6f7g8h, user_id: 5678, amount: $100) received.
2023-09-26 08:06:55 - INFO - data_request(1a2b3c4d, user_id: 1234, data_type: profile) received.
2023-09-26 08:06:55 - INFO - get_balance(5e6f7g8h, user_id: 1234) received.
2023-09-26 08:06:55 - INFO - transaction_request(5e6f7g8h, user_id: 5678, amount: $100) received.
2023-09-26 08:06:55 - INFO - get_accounts(1a2b3c4d, user_id: 1234, data_type: profile) received.

2023-09-26 08:07:33 - INFO - logout_request(mnopqrst, user_id: 5678) received.
2023-09-26 08:07:33 - INFO - get_balance(5e6f7g8h, user_id: 1234) received.
2023-09-26 08:07:33 - INFO - login_request(zxcvbnm, thirduser, pass789) received.
2023-09-26 08:07:33 - INFO - transaction_request(5e6f7g8h, user_id: 5678, amount: $100) received.
2023-09-26 08:07:33 - INFO - data_request(1a2b3c4d, user_id: 1234, data_type: profile) received.
2023-09-26 08:07:33 - INFO - get_balance(5e6f7g8h, user_id: 1234) received.
2023-09-26 08:07:33 - INFO - get_accounts(1a2b3c4d, user_id: 1234, data_type: profile) received.
2023-09-26 08:07:33 - INFO - transaction_request(5e6f7g8h, user_id: 5678, amount: $100) received.
2023-09-26 08:07:33 - INFO - data_request(poiuytre, user_id: 9012, data_type: profile) received.
2023-09-26 08:07:33 - INFO - transaction_request(5e6f7g8h, user_id: 5678, amount: $100) received.

2023-09-26 08:08:11 - INFO - get_balance(5e6f7g8h, user_id: 5678, amount: $100) received.
2023-09-26 08:08:11 - INFO - get_accounts(1a2b3c4d, user_id: 1234, data_type: profile) received.
2023-09-26 08:08:11 - INFO - transaction_request(5e6f7g8h, user_id: 5678, amount: $100) received.
2023-09-26 08:08:11 - INFO - logout_request(qazwsxed, user_id: 9012) received.
2023-09-26 08:08:11 - INFO - get_accounts(1a2b3c4d, user_id: 1234, data_type: profile) received.
2023-09-26 08:08:11 - INFO - get_balance(5e6f7g8h, user_id: 5678, amount: $100) received.
2023-09-26 08:08:11 - INFO - transaction_request(5e6f7g8h, user_id: 5678, amount: $100) received.
2023-09-26 08:08:11 - INFO - data_request(1a2b3c4d, user_id: 1234, data_type: profile) received.
2023-09-26 08:08:11 - INFO - transaction_request(5e6f7g8h, user_id: 5678, amount: $100) received.

2023-09-26 08:09:45 - INFO - transaction_request(5e6f7g8h, user_id: 5678, amount: $100) received.
2023-09-26 08:09:45 - INFO - get_balance(5e6f7g8h, user_id: 1234) received.
2023-09-26 08:09:45 - INFO - transaction_request(5e6f7g8h, user_id: 5678, amount: $100) received.
2023-09-26 08:09:45 - WARNING - login_request(7h45f3a2, invaliduser, wrongpass) received.
2023-09-26 08:09:45 - INFO - get_accounts(1a2b3c4d, user_id: 1234, data_type: profile) received.
2023-09-26 08:09:45 - INFO - data_request(1a2b3c4d, user_id: 1234, data_type: profile) received.

2023-09-26 09:10:30 - ERROR - data_request(f1r5t3r, user_id: 5678, data_type: invoices) received.
2023-09-26 09:10:30 - INFO - transaction_request(p0l9k8j7, user_id: 1234, amount: $500) received.
2023-09-26 09:10:30 - INFO - get_balance(5e6f7g8h, user_id: 1234) received.
2023-09-26 09:10:30 - INFO - login_request(lk3m1n0, specialuser, topsecret) received.
2023-09-26 09:10:30 - INFO - data_request(1a2b3c4d, user_id: 1234, data_type: profile) received.
2023-09-26 09:10:30 - INFO - get_balance(5e6f7g8h, user_id: 1234) received.
2023-09-26 09:10:30 - INFO - get_accounts(1a2b3c4d, user_id: 1234, data_type: profile) received.
2023-09-26 09:10:30 - INFO - transaction_request(5e6f7g8h, user_id: 5678, amount: $100) received.
2023-09-26 09:10:30 - INFO - get_accounts(1a2b3c4d, user_id: 1234, data_type: profile) received.

2023-09-26 09:11:21 - INFO - data_request(xyz987, user_id: 7890, data_type: history) received.
2023-09-26 09:11:21 - INFO - get_balance(5e6f7g8h, user_id: 1234) received.
2023-09-26 09:11:21 - INFO - get_balance(5e6f7g8h, user_id: 5678, amount: $100) received.
2023-09-26 09:11:21 - INFO - transaction_request(5e6f7g8h, user_id: 5678, amount: $100) received.
2023-09-26 09:11:21 - INFO - login_request(18jhcudj, user123, password123) received.
2023-09-26 09:11:21 - INFO - data_request(1a2b3c4d, user_id: 1234, data_type: profile) received.
2023-09-26 09:11:21 - INFO - get_balance(5e6f7g8h, user_id: 1234) received.
2023-09-26 09:11:21 - INFO - transaction_request(5e6f7g8h, user_id: 5678, amount: $100) received.
2023-09-26 09:11:21 - INFO - login_request(18jhcudj, user123, password123) received.
2023-09-26 09:11:21 - INFO - data_request(1a2b3c4d, user_id: 1234, data_type: profile) received.
2023-09-26 09:11:21 - INFO - get_accounts(1a2b3c4d, user_id: 1234, data_type: profile) received.

2023-09-26 09:12:02 - INFO - transaction_request(b1g2sm1l, user_id: 7890, amount: $250) received.
2023-09-26 09:12:02 - INFO - login_request(18jhcudj, user123, password123) received.
2023-09-26 09:12:02 - INFO - data_request(1a2b3c4d, user_id: 1234, data_type: profile) received.
2023-09-26 09:12:02 - INFO - logout_request(z9x8c7v6, user_id: 7890) received.
2023-09-26 09:12:02 - INFO - get_accounts(1a2b3c4d, user_id: 1234, data_type: profile) received.
2023-09-26 09:12:02 - INFO - get_balance(5e6f7g8h, user_id: 1234) received.

2023-09-26 10:47:03 - INFO - get_balance(5e6f7g8h, user_id: 5678, amount: $100) received.
2023-09-26 10:47:03 - INFO - get_accounts(1a2b3c4d, user_id: 1234, data_type: profile) received.
2023-09-26 10:47:03 - INFO - login_request(18jhcudj, user123, password123) received.
2023-09-26 10:47:03 - INFO - data_request(1a2b3c4d, user_id: 1234, data_type: profile) received.
2023-09-26 10:47:03 - INFO - transaction_request(5e6f7g8h, user_id: 5678, amount: $100) received.
2023-09-26 10:47:03 - INFO - login_request(18jhcudj, user123, password123) received.
2023-09-26 10:47:03 - INFO - get_accounts(1a2b3c4d, user_id: 1234, data_type: profile) received.
2023-09-26 10:47:03 - INFO - data_request(1a2b3c4d, user_id: 1234, data_type: profile) received.
